<?xml version="1.0" encoding="UTF-8"?>
<!-- Generated by org.testng.reporters.JUnitReportReporter -->
<testsuite hostname="SwasLenovo" failures="0" tests="1" name="gittestingwithanna.Testgit" time="0.018" errors="0" timestamp="2024-11-15T16:17:45 EST" skipped="0">
  <testcase classname="gittestingwithanna.Testgit" name="Tes" time="0.018"/>
  <system-out/>
</testsuite> <!-- gittestingwithanna.Testgit -->
